<?xml version="1.0" encoding="UTF-8"?>
<testsuite name="com.caju.transaction.service.CashServiceTest" tests="2" skipped="0" failures="0" errors="0" timestamp="2025-02-11T02:36:42" hostname="DESKTOP-CPDV09H" time="0.093">
  <properties/>
  <testcase name="saldo suficiente de CASH - Aprovar transação()" classname="com.caju.transaction.service.CashServiceTest" time="0.075"/>
  <testcase name="saldo insuficiente de CASH - Rejeitar transação()" classname="com.caju.transaction.service.CashServiceTest" time="0.013"/>
  <system-out><![CDATA[]]></system-out>
  <system-err><![CDATA[]]></system-err>
</testsuite>
